# JRE version: OpenJDK Runtime Environment (11.0.12+7) (build 11.0.12+7-b1504.28-7817840)
# Java VM: OpenJDK 64-Bit Server VM (11.0.12+7-b1504.28-7817840, mixed mode, tiered, compressed oops, g1 gc, windows-amd64)
Heap:
 garbage-first heap   total 494592K, used 404103K [0x0000000080000000, 0x0000000100000000)
  region size 1024K, 186 young (190464K), 5 survivors (5120K)
 Metaspace       used 146069K, capacity 150303K, committed 150552K, reserved 1181696K
  class space    used 17769K, capacity 19298K, committed 19328K, reserved 1048576K
GC Heap History (20 events):
Event: 858.089 GC heap before
{Heap before GC invocations=138 (full 0):
 garbage-first heap   total 494592K, used 227616K [0x0000000080000000, 0x0000000100000000)
  region size 1024K, 24 young (24576K), 7 survivors (7168K)
 Metaspace       used 145899K, capacity 150134K, committed 150296K, reserved 1179648K
  class space    used 17762K, capacity 19293K, committed 19328K, reserved 1048576K
}
Event: 858.119 GC heap after
{Heap after GC invocations=139 (full 0):
 garbage-first heap   total 494592K, used 200695K [0x0000000080000000, 0x0000000100000000)
  region size 1024K, 2 young (2048K), 2 survivors (2048K)
 Metaspace       used 145899K, capacity 150134K, committed 150296K, reserved 1179648K
  class space    used 17762K, capacity 19293K, committed 19328K, reserved 1048576K
}
Event: 859.210 GC heap before
{Heap before GC invocations=139 (full 0):
 garbage-first heap   total 494592K, used 404471K [0x0000000080000000, 0x0000000100000000)
  region size 1024K, 201 young (205824K), 2 survivors (2048K)
 Metaspace       used 145905K, capacity 150198K, committed 150296K, reserved 1179648K
  class space    used 17762K, capacity 19293K, committed 19328K, reserved 1048576K
}
Event: 859.226 GC heap after
{Heap after GC invocations=140 (full 0):
 garbage-first heap   total 494592K, used 200828K [0x0000000080000000, 0x0000000100000000)
  region size 1024K, 2 young (2048K), 2 survivors (2048K)
 Metaspace       used 145905K, capacity 150198K, committed 150296K, reserved 1179648K
  class space    used 17762K, capacity 19293K, committed 19328K, reserved 1048576K
}
Event: 861.182 GC heap before
{Heap before GC invocations=141 (full 0):
 garbage-first heap   total 494592K, used 412796K [0x0000000080000000, 0x0000000100000000)
  region size 1024K, 211 young (216064K), 2 survivors (2048K)
 Metaspace       used 145905K, capacity 150198K, committed 150296K, reserved 1179648K
  class space    used 17762K, capacity 19293K, committed 19328K, reserved 1048576K
}
Event: 861.194 GC heap after
{Heap after GC invocations=142 (full 0):
 garbage-first heap   total 494592K, used 199804K [0x0000000080000000, 0x0000000100000000)
  region size 1024K, 3 young (3072K), 3 survivors (3072K)
 Metaspace       used 145905K, capacity 150198K, committed 150296K, reserved 1179648K
  class space    used 17762K, capacity 19293K, committed 19328K, reserved 1048576K
}
Event: 861.303 GC heap before
{Heap before GC invocations=142 (full 0):
 garbage-first heap   total 494592K, used 221308K [0x0000000080000000, 0x0000000100000000)
  region size 1024K, 24 young (24576K), 3 survivors (3072K)
 Metaspace       used 145905K, capacity 150198K, committed 150296K, reserved 1179648K
  class space    used 17762K, capacity 19293K, committed 19328K, reserved 1048576K
}
Event: 861.335 GC heap after
{Heap after GC invocations=143 (full 0):
 garbage-first heap   total 494592K, used 187541K [0x0000000080000000, 0x0000000100000000)
  region size 1024K, 2 young (2048K), 2 survivors (2048K)
 Metaspace       used 145905K, capacity 150198K, committed 150296K, reserved 1179648K
  class space    used 17762K, capacity 19293K, committed 19328K, reserved 1048576K
}
Event: 864.827 GC heap before
{Heap before GC invocations=143 (full 0):
 garbage-first heap   total 494592K, used 408725K [0x0000000080000000, 0x0000000100000000)
  region size 1024K, 217 young (222208K), 2 survivors (2048K)
 Metaspace       used 145910K, capacity 150198K, committed 150296K, reserved 1179648K
  class space    used 17762K, capacity 19293K, committed 19328K, reserved 1048576K
}
Event: 864.845 GC heap after
{Heap after GC invocations=144 (full 0):
 garbage-first heap   total 494592K, used 187749K [0x0000000080000000, 0x0000000100000000)
  region size 1024K, 2 young (2048K), 2 survivors (2048K)
 Metaspace       used 145910K, capacity 150198K, committed 150296K, reserved 1179648K
  class space    used 17762K, capacity 19293K, committed 19328K, reserved 1048576K
}
Event: 866.676 GC heap before
{Heap before GC invocations=144 (full 0):
 garbage-first heap   total 494592K, used 330085K [0x0000000080000000, 0x0000000100000000)
  region size 1024K, 142 young (145408K), 2 survivors (2048K)
 Metaspace       used 145973K, capacity 150213K, committed 150296K, reserved 1179648K
  class space    used 17763K, capacity 19295K, committed 19328K, reserved 1048576K
}
Event: 866.692 GC heap after
{Heap after GC invocations=145 (full 0):
 garbage-first heap   total 494592K, used 191444K [0x0000000080000000, 0x0000000100000000)
  region size 1024K, 6 young (6144K), 6 survivors (6144K)
 Metaspace       used 145973K, capacity 150213K, committed 150296K, reserved 1179648K
  class space    used 17763K, capacity 19295K, committed 19328K, reserved 1048576K
}
Event: 869.971 GC heap before
{Heap before GC invocations=146 (full 0):
 garbage-first heap   total 494592K, used 399316K [0x0000000080000000, 0x0000000100000000)
  region size 1024K, 206 young (210944K), 6 survivors (6144K)
 Metaspace       used 145991K, capacity 150280K, committed 150552K, reserved 1181696K
  class space    used 17763K, capacity 19295K, committed 19328K, reserved 1048576K
}
Event: 870.089 GC heap after
{Heap after GC invocations=147 (full 0):
 garbage-first heap   total 494592K, used 219490K [0x0000000080000000, 0x0000000100000000)
  region size 1024K, 26 young (26624K), 26 survivors (26624K)
 Metaspace       used 145991K, capacity 150280K, committed 150552K, reserved 1181696K
  class space    used 17763K, capacity 19295K, committed 19328K, reserved 1048576K
}
Event: 870.099 GC heap before
{Heap before GC invocations=147 (full 0):
 garbage-first heap   total 494592K, used 220514K [0x0000000080000000, 0x0000000100000000)
  region size 1024K, 27 young (27648K), 26 survivors (26624K)
 Metaspace       used 145992K, capacity 150280K, committed 150552K, reserved 1181696K
  class space    used 17763K, capacity 19295K, committed 19328K, reserved 1048576K
}
Event: 870.282 GC heap after
{Heap after GC invocations=148 (full 0):
 garbage-first heap   total 494592K, used 209543K [0x0000000080000000, 0x0000000100000000)
  region size 1024K, 2 young (2048K), 2 survivors (2048K)
 Metaspace       used 145992K, capacity 150280K, committed 150552K, reserved 1181696K
  class space    used 17763K, capacity 19295K, committed 19328K, reserved 1048576K
}
Event: 874.890 GC heap before
{Heap before GC invocations=148 (full 0):
 garbage-first heap   total 494592K, used 390791K [0x0000000080000000, 0x0000000100000000)
  region size 1024K, 180 young (184320K), 2 survivors (2048K)
 Metaspace       used 146021K, capacity 150287K, committed 150552K, reserved 1181696K
  class space    used 17766K, capacity 19297K, committed 19328K, reserved 1048576K
}
Event: 874.911 GC heap after
{Heap after GC invocations=149 (full 0):
 garbage-first heap   total 494592K, used 213639K [0x0000000080000000, 0x0000000100000000)
  region size 1024K, 6 young (6144K), 6 survivors (6144K)
 Metaspace       used 146021K, capacity 150287K, committed 150552K, reserved 1181696K
  class space    used 17766K, capacity 19297K, committed 19328K, reserved 1048576K
}
Event: 878.563 GC heap before
{Heap before GC invocations=149 (full 0):
 garbage-first heap   total 494592K, used 397959K [0x0000000080000000, 0x0000000100000000)
  region size 1024K, 187 young (191488K), 6 survivors (6144K)
 Metaspace       used 146060K, capacity 150299K, committed 150552K, reserved 1181696K
  class space    used 17768K, capacity 19298K, committed 19328K, reserved 1048576K
}
Event: 878.583 GC heap after
{Heap after GC invocations=150 (full 0):
 garbage-first heap   total 494592K, used 218759K [0x0000000080000000, 0x0000000100000000)
  region size 1024K, 11 young (11264K), 11 survivors (11264K)
 Metaspace       used 146060K, capacity 150299K, committed 150552K, reserved 1181696K
  class space    used 17768K, capacity 19298K, committed 19328K, reserved 1048576K
}

